The system is: Linux - 4.9.0-11-amd64 - x86_64
Compiling the C compiler identification source file "CMakeCCompilerId.c" succeeded.
Compiler: /usr/bin/cc 
Build flags: 
Id flags: 

The output was:
0


Compilation of the C compiler identification source "CMakeCCompilerId.c" produced "a.out"

The C compiler identification is GNU, found in "/home/its2019/its2019g25/CMakeFiles/3.7.2/CompilerIdC/a.out"

Compiling the CXX compiler identification source file "CMakeCXXCompilerId.cpp" succeeded.
Compiler: /usr/bin/c++ 
Build flags: 
Id flags: 

The output was:
0


Compilation of the CXX compiler identification source "CMakeCXXCompilerId.cpp" produced "a.out"

The CXX compiler identification is GNU, found in "/home/its2019/its2019g25/CMakeFiles/3.7.2/CompilerIdCXX/a.out"

Determining if the C compiler works passed with the following output:
Change Dir: /home/its2019/its2019g25/CMakeFiles/CMakeTmp

Run Build Command:"/usr/bin/make" "cmTC_5fc73/fast"
/usr/bin/make -f CMakeFiles/cmTC_5fc73.dir/build.make CMakeFiles/cmTC_5fc73.dir/build
make[1]: Entering directory '/home/its2019/its2019g25/CMakeFiles/CMakeTmp'
Building C object CMakeFiles/cmTC_5fc73.dir/testCCompiler.c.o
/usr/bin/cc     -o CMakeFiles/cmTC_5fc73.dir/testCCompiler.c.o   -c /home/its2019/its2019g25/CMakeFiles/CMakeTmp/testCCompiler.c
Linking C executable cmTC_5fc73
/usr/bin/cmake -E cmake_link_script CMakeFiles/cmTC_5fc73.dir/link.txt --verbose=1
/usr/bin/cc       CMakeFiles/cmTC_5fc73.dir/testCCompiler.c.o  -o cmTC_5fc73 
make[1]: Leaving directory '/home/its2019/its2019g25/CMakeFiles/CMakeTmp'


Detecting C compiler ABI info compiled with the following output:
Change Dir: /home/its2019/its2019g25/CMakeFiles/CMakeTmp

Run Build Command:"/usr/bin/make" "cmTC_ae23a/fast"
/usr/bin/make -f CMakeFiles/cmTC_ae23a.dir/build.make CMakeFiles/cmTC_ae23a.dir/build
make[1]: Entering directory '/home/its2019/its2019g25/CMakeFiles/CMakeTmp'
Building C object CMakeFiles/cmTC_ae23a.dir/CMakeCCompilerABI.c.o
/usr/bin/cc     -o CMakeFiles/cmTC_ae23a.dir/CMakeCCompilerABI.c.o   -c /usr/share/cmake-3.7/Modules/CMakeCCompilerABI.c
Linking C executable cmTC_ae23a
/usr/bin/cmake -E cmake_link_script CMakeFiles/cmTC_ae23a.dir/link.txt --verbose=1
/usr/bin/cc      -v CMakeFiles/cmTC_ae23a.dir/CMakeCCompilerABI.c.o  -o cmTC_ae23a  
Using built-in specs.
COLLECT_GCC=/usr/bin/cc
COLLECT_LTO_WRAPPER=/usr/lib/gcc/x86_64-linux-gnu/6/lto-wrapper
Target: x86_64-linux-gnu
Configured with: ../src/configure -v --with-pkgversion='Debian 6.3.0-18+deb9u1' --with-bugurl=file:///usr/share/doc/gcc-6/README.Bugs --enable-languages=c,ada,c++,java,go,d,fortran,objc,obj-c++ --prefix=/usr --program-suffix=-6 --program-prefix=x86_64-linux-gnu- --enable-shared --enable-linker-build-id --libexecdir=/usr/lib --without-included-gettext --enable-threads=posix --libdir=/usr/lib --enable-nls --with-sysroot=/ --enable-clocale=gnu --enable-libstdcxx-debug --enable-libstdcxx-time=yes --with-default-libstdcxx-abi=new --enable-gnu-unique-object --disable-vtable-verify --enable-libmpx --enable-plugin --enable-default-pie --with-system-zlib --disable-browser-plugin --enable-java-awt=gtk --enable-gtk-cairo --with-java-home=/usr/lib/jvm/java-1.5.0-gcj-6-amd64/jre --enable-java-home --with-jvm-root-dir=/usr/lib/jvm/java-1.5.0-gcj-6-amd64 --with-jvm-jar-dir=/usr/lib/jvm-exports/java-1.5.0-gcj-6-amd64 --with-arch-directory=amd64 --with-ecj-jar=/usr/share/java/eclipse-ecj.jar --with-target-system-zlib --enable-objc-gc=auto --enable-multiarch --with-arch-32=i686 --with-abi=m64 --with-multilib-list=m32,m64,mx32 --enable-multilib --with-tune=generic --enable-checking=release --build=x86_64-linux-gnu --host=x86_64-linux-gnu --target=x86_64-linux-gnu
Thread model: posix
gcc version 6.3.0 20170516 (Debian 6.3.0-18+deb9u1) 
COMPILER_PATH=/usr/lib/gcc/x86_64-linux-gnu/6/:/usr/lib/gcc/x86_64-linux-gnu/6/:/usr/lib/gcc/x86_64-linux-gnu/:/usr/lib/gcc/x86_64-linux-gnu/6/:/usr/lib/gcc/x86_64-linux-gnu/
LIBRARY_PATH=/usr/lib/gcc/x86_64-linux-gnu/6/:/usr/lib/gcc/x86_64-linux-gnu/6/../../../x86_64-linux-gnu/:/usr/lib/gcc/x86_64-linux-gnu/6/../../../../lib/:/lib/x86_64-linux-gnu/:/lib/../lib/:/usr/lib/x86_64-linux-gnu/:/usr/lib/../lib/:/usr/lib/gcc/x86_64-linux-gnu/6/../../../:/lib/:/usr/lib/
COLLECT_GCC_OPTIONS='-v' '-o' 'cmTC_ae23a' '-mtune=generic' '-march=x86-64'
 /usr/lib/gcc/x86_64-linux-gnu/6/collect2 -plugin /usr/lib/gcc/x86_64-linux-gnu/6/liblto_plugin.so -plugin-opt=/usr/lib/gcc/x86_64-linux-gnu/6/lto-wrapper -plugin-opt=-fresolution=/tmp/cccOXUVC.res -plugin-opt=-pass-through=-lgcc -plugin-opt=-pass-through=-lgcc_s -plugin-opt=-pass-through=-lc -plugin-opt=-pass-through=-lgcc -plugin-opt=-pass-through=-lgcc_s --sysroot=/ --build-id --eh-frame-hdr -m elf_x86_64 --hash-style=gnu -dynamic-linker /lib64/ld-linux-x86-64.so.2 -pie -o cmTC_ae23a /usr/lib/gcc/x86_64-linux-gnu/6/../../../x86_64-linux-gnu/Scrt1.o /usr/lib/gcc/x86_64-linux-gnu/6/../../../x86_64-linux-gnu/crti.o /usr/lib/gcc/x86_64-linux-gnu/6/crtbeginS.o -L/usr/lib/gcc/x86_64-linux-gnu/6 -L/usr/lib/gcc/x86_64-linux-gnu/6/../../../x86_64-linux-gnu -L/usr/lib/gcc/x86_64-linux-gnu/6/../../../../lib -L/lib/x86_64-linux-gnu -L/lib/../lib -L/usr/lib/x86_64-linux-gnu -L/usr/lib/../lib -L/usr/lib/gcc/x86_64-linux-gnu/6/../../.. CMakeFiles/cmTC_ae23a.dir/CMakeCCompilerABI.c.o -lgcc --as-needed -lgcc_s --no-as-needed -lc -lgcc --as-needed -lgcc_s --no-as-needed /usr/lib/gcc/x86_64-linux-gnu/6/crtendS.o /usr/lib/gcc/x86_64-linux-gnu/6/../../../x86_64-linux-gnu/crtn.o
COLLECT_GCC_OPTIONS='-v' '-o' 'cmTC_ae23a' '-mtune=generic' '-march=x86-64'
make[1]: Leaving directory '/home/its2019/its2019g25/CMakeFiles/CMakeTmp'


Parsed C implicit link information from above output:
  link line regex: [^( *|.*[/\])(ld|([^/\]+-)?ld|collect2)[^/\]*( |$)]
  ignore line: [Change Dir: /home/its2019/its2019g25/CMakeFiles/CMakeTmp]
  ignore line: []
  ignore line: [Run Build Command:"/usr/bin/make" "cmTC_ae23a/fast"]
  ignore line: [/usr/bin/make -f CMakeFiles/cmTC_ae23a.dir/build.make CMakeFiles/cmTC_ae23a.dir/build]
  ignore line: [make[1]: Entering directory '/home/its2019/its2019g25/CMakeFiles/CMakeTmp']
  ignore line: [Building C object CMakeFiles/cmTC_ae23a.dir/CMakeCCompilerABI.c.o]
  ignore line: [/usr/bin/cc     -o CMakeFiles/cmTC_ae23a.dir/CMakeCCompilerABI.c.o   -c /usr/share/cmake-3.7/Modules/CMakeCCompilerABI.c]
  ignore line: [Linking C executable cmTC_ae23a]
  ignore line: [/usr/bin/cmake -E cmake_link_script CMakeFiles/cmTC_ae23a.dir/link.txt --verbose=1]
  ignore line: [/usr/bin/cc      -v CMakeFiles/cmTC_ae23a.dir/CMakeCCompilerABI.c.o  -o cmTC_ae23a  ]
  ignore line: [Using built-in specs.]
  ignore line: [COLLECT_GCC=/usr/bin/cc]
  ignore line: [COLLECT_LTO_WRAPPER=/usr/lib/gcc/x86_64-linux-gnu/6/lto-wrapper]
  ignore line: [Target: x86_64-linux-gnu]
  ignore line: [Configured with: ../src/configure -v --with-pkgversion='Debian 6.3.0-18+deb9u1' --with-bugurl=file:///usr/share/doc/gcc-6/README.Bugs --enable-languages=c,ada,c++,java,go,d,fortran,objc,obj-c++ --prefix=/usr --program-suffix=-6 --program-prefix=x86_64-linux-gnu- --enable-shared --enable-linker-build-id --libexecdir=/usr/lib --without-included-gettext --enable-threads=posix --libdir=/usr/lib --enable-nls --with-sysroot=/ --enable-clocale=gnu --enable-libstdcxx-debug --enable-libstdcxx-time=yes --with-default-libstdcxx-abi=new --enable-gnu-unique-object --disable-vtable-verify --enable-libmpx --enable-plugin --enable-default-pie --with-system-zlib --disable-browser-plugin --enable-java-awt=gtk --enable-gtk-cairo --with-java-home=/usr/lib/jvm/java-1.5.0-gcj-6-amd64/jre --enable-java-home --with-jvm-root-dir=/usr/lib/jvm/java-1.5.0-gcj-6-amd64 --with-jvm-jar-dir=/usr/lib/jvm-exports/java-1.5.0-gcj-6-amd64 --with-arch-directory=amd64 --with-ecj-jar=/usr/share/java/eclipse-ecj.jar --with-target-system-zlib --enable-objc-gc=auto --enable-multiarch --with-arch-32=i686 --with-abi=m64 --with-multilib-list=m32,m64,mx32 --enable-multilib --with-tune=generic --enable-checking=release --build=x86_64-linux-gnu --host=x86_64-linux-gnu --target=x86_64-linux-gnu]
  ignore line: [Thread model: posix]
  ignore line: [gcc version 6.3.0 20170516 (Debian 6.3.0-18+deb9u1) ]
  ignore line: [COMPILER_PATH=/usr/lib/gcc/x86_64-linux-gnu/6/:/usr/lib/gcc/x86_64-linux-gnu/6/:/usr/lib/gcc/x86_64-linux-gnu/:/usr/lib/gcc/x86_64-linux-gnu/6/:/usr/lib/gcc/x86_64-linux-gnu/]
  ignore line: [LIBRARY_PATH=/usr/lib/gcc/x86_64-linux-gnu/6/:/usr/lib/gcc/x86_64-linux-gnu/6/../../../x86_64-linux-gnu/:/usr/lib/gcc/x86_64-linux-gnu/6/../../../../lib/:/lib/x86_64-linux-gnu/:/lib/../lib/:/usr/lib/x86_64-linux-gnu/:/usr/lib/../lib/:/usr/lib/gcc/x86_64-linux-gnu/6/../../../:/lib/:/usr/lib/]
  ignore line: [COLLECT_GCC_OPTIONS='-v' '-o' 'cmTC_ae23a' '-mtune=generic' '-march=x86-64']
  link line: [ /usr/lib/gcc/x86_64-linux-gnu/6/collect2 -plugin /usr/lib/gcc/x86_64-linux-gnu/6/liblto_plugin.so -plugin-opt=/usr/lib/gcc/x86_64-linux-gnu/6/lto-wrapper -plugin-opt=-fresolution=/tmp/cccOXUVC.res -plugin-opt=-pass-through=-lgcc -plugin-opt=-pass-through=-lgcc_s -plugin-opt=-pass-through=-lc -plugin-opt=-pass-through=-lgcc -plugin-opt=-pass-through=-lgcc_s --sysroot=/ --build-id --eh-frame-hdr -m elf_x86_64 --hash-style=gnu -dynamic-linker /lib64/ld-linux-x86-64.so.2 -pie -o cmTC_ae23a /usr/lib/gcc/x86_64-linux-gnu/6/../../../x86_64-linux-gnu/Scrt1.o /usr/lib/gcc/x86_64-linux-gnu/6/../../../x86_64-linux-gnu/crti.o /usr/lib/gcc/x86_64-linux-gnu/6/crtbeginS.o -L/usr/lib/gcc/x86_64-linux-gnu/6 -L/usr/lib/gcc/x86_64-linux-gnu/6/../../../x86_64-linux-gnu -L/usr/lib/gcc/x86_64-linux-gnu/6/../../../../lib -L/lib/x86_64-linux-gnu -L/lib/../lib -L/usr/lib/x86_64-linux-gnu -L/usr/lib/../lib -L/usr/lib/gcc/x86_64-linux-gnu/6/../../.. CMakeFiles/cmTC_ae23a.dir/CMakeCCompilerABI.c.o -lgcc --as-needed -lgcc_s --no-as-needed -lc -lgcc --as-needed -lgcc_s --no-as-needed /usr/lib/gcc/x86_64-linux-gnu/6/crtendS.o /usr/lib/gcc/x86_64-linux-gnu/6/../../../x86_64-linux-gnu/crtn.o]
    arg [/usr/lib/gcc/x86_64-linux-gnu/6/collect2] ==> ignore
    arg [-plugin] ==> ignore
    arg [/usr/lib/gcc/x86_64-linux-gnu/6/liblto_plugin.so] ==> ignore
    arg [-plugin-opt=/usr/lib/gcc/x86_64-linux-gnu/6/lto-wrapper] ==> ignore
    arg [-plugin-opt=-fresolution=/tmp/cccOXUVC.res] ==> ignore
    arg [-plugin-opt=-pass-through=-lgcc] ==> ignore
    arg [-plugin-opt=-pass-through=-lgcc_s] ==> ignore
    arg [-plugin-opt=-pass-through=-lc] ==> ignore
    arg [-plugin-opt=-pass-through=-lgcc] ==> ignore
    arg [-plugin-opt=-pass-through=-lgcc_s] ==> ignore
    arg [--sysroot=/] ==> ignore
    arg [--build-id] ==> ignore
    arg [--eh-frame-hdr] ==> ignore
    arg [-m] ==> ignore
    arg [elf_x86_64] ==> ignore
    arg [--hash-style=gnu] ==> ignore
    arg [-dynamic-linker] ==> ignore
    arg [/lib64/ld-linux-x86-64.so.2] ==> ignore
    arg [-pie] ==> ignore
    arg [-o] ==> ignore
    arg [cmTC_ae23a] ==> ignore
    arg [/usr/lib/gcc/x86_64-linux-gnu/6/../../../x86_64-linux-gnu/Scrt1.o] ==> ignore
    arg [/usr/lib/gcc/x86_64-linux-gnu/6/../../../x86_64-linux-gnu/crti.o] ==> ignore
    arg [/usr/lib/gcc/x86_64-linux-gnu/6/crtbeginS.o] ==> ignore
    arg [-L/usr/lib/gcc/x86_64-linux-gnu/6] ==> dir [/usr/lib/gcc/x86_64-linux-gnu/6]
    arg [-L/usr/lib/gcc/x86_64-linux-gnu/6/../../../x86_64-linux-gnu] ==> dir [/usr/lib/gcc/x86_64-linux-gnu/6/../../../x86_64-linux-gnu]
    arg [-L/usr/lib/gcc/x86_64-linux-gnu/6/../../../../lib] ==> dir [/usr/lib/gcc/x86_64-linux-gnu/6/../../../../lib]
    arg [-L/lib/x86_64-linux-gnu] ==> dir [/lib/x86_64-linux-gnu]
    arg [-L/lib/../lib] ==> dir [/lib/../lib]
    arg [-L/usr/lib/x86_64-linux-gnu] ==> dir [/usr/lib/x86_64-linux-gnu]
    arg [-L/usr/lib/../lib] ==> dir [/usr/lib/../lib]
    arg [-L/usr/lib/gcc/x86_64-linux-gnu/6/../../..] ==> dir [/usr/lib/gcc/x86_64-linux-gnu/6/../../..]
    arg [CMakeFiles/cmTC_ae23a.dir/CMakeCCompilerABI.c.o] ==> ignore
    arg [-lgcc] ==> lib [gcc]
    arg [--as-needed] ==> ignore
    arg [-lgcc_s] ==> lib [gcc_s]
    arg [--no-as-needed] ==> ignore
    arg [-lc] ==> lib [c]
    arg [-lgcc] ==> lib [gcc]
    arg [--as-needed] ==> ignore
    arg [-lgcc_s] ==> lib [gcc_s]
    arg [--no-as-needed] ==> ignore
    arg [/usr/lib/gcc/x86_64-linux-gnu/6/crtendS.o] ==> ignore
    arg [/usr/lib/gcc/x86_64-linux-gnu/6/../../../x86_64-linux-gnu/crtn.o] ==> ignore
  remove lib [gcc]
  remove lib [gcc_s]
  remove lib [gcc]
  remove lib [gcc_s]
  collapse library dir [/usr/lib/gcc/x86_64-linux-gnu/6] ==> [/usr/lib/gcc/x86_64-linux-gnu/6]
  collapse library dir [/usr/lib/gcc/x86_64-linux-gnu/6/../../../x86_64-linux-gnu] ==> [/usr/lib/x86_64-linux-gnu]
  collapse library dir [/usr/lib/gcc/x86_64-linux-gnu/6/../../../../lib] ==> [/usr/lib]
  collapse library dir [/lib/x86_64-linux-gnu] ==> [/lib/x86_64-linux-gnu]
  collapse library dir [/lib/../lib] ==> [/lib]
  collapse library dir [/usr/lib/x86_64-linux-gnu] ==> [/usr/lib/x86_64-linux-gnu]
  collapse library dir [/usr/lib/../lib] ==> [/usr/lib]
  collapse library dir [/usr/lib/gcc/x86_64-linux-gnu/6/../../..] ==> [/usr/lib]
  implicit libs: [c]
  implicit dirs: [/usr/lib/gcc/x86_64-linux-gnu/6;/usr/lib/x86_64-linux-gnu;/usr/lib;/lib/x86_64-linux-gnu;/lib]
  implicit fwks: []




Detecting C [-std=c11] compiler features compiled with the following output:
Change Dir: /home/its2019/its2019g25/CMakeFiles/CMakeTmp

Run Build Command:"/usr/bin/make" "cmTC_ee26c/fast"
/usr/bin/make -f CMakeFiles/cmTC_ee26c.dir/build.make CMakeFiles/cmTC_ee26c.dir/build
make[1]: Entering directory '/home/its2019/its2019g25/CMakeFiles/CMakeTmp'
Building C object CMakeFiles/cmTC_ee26c.dir/feature_tests.c.o
/usr/bin/cc    -std=c11 -o CMakeFiles/cmTC_ee26c.dir/feature_tests.c.o   -c /home/its2019/its2019g25/CMakeFiles/feature_tests.c
Linking C executable cmTC_ee26c
/usr/bin/cmake -E cmake_link_script CMakeFiles/cmTC_ee26c.dir/link.txt --verbose=1
/usr/bin/cc       CMakeFiles/cmTC_ee26c.dir/feature_tests.c.o  -o cmTC_ee26c 
make[1]: Leaving directory '/home/its2019/its2019g25/CMakeFiles/CMakeTmp'


    Feature record: C_FEATURE:1c_function_prototypes
    Feature record: C_FEATURE:1c_restrict
    Feature record: C_FEATURE:1c_static_assert
    Feature record: C_FEATURE:1c_variadic_macros


Detecting C [-std=c99] compiler features compiled with the following output:
Change Dir: /home/its2019/its2019g25/CMakeFiles/CMakeTmp

Run Build Command:"/usr/bin/make" "cmTC_9aa48/fast"
/usr/bin/make -f CMakeFiles/cmTC_9aa48.dir/build.make CMakeFiles/cmTC_9aa48.dir/build
make[1]: Entering directory '/home/its2019/its2019g25/CMakeFiles/CMakeTmp'
Building C object CMakeFiles/cmTC_9aa48.dir/feature_tests.c.o
/usr/bin/cc    -std=c99 -o CMakeFiles/cmTC_9aa48.dir/feature_tests.c.o   -c /home/its2019/its2019g25/CMakeFiles/feature_tests.c
Linking C executable cmTC_9aa48
/usr/bin/cmake -E cmake_link_script CMakeFiles/cmTC_9aa48.dir/link.txt --verbose=1
/usr/bin/cc       CMakeFiles/cmTC_9aa48.dir/feature_tests.c.o  -o cmTC_9aa48 
make[1]: Leaving directory '/home/its2019/its2019g25/CMakeFiles/CMakeTmp'


    Feature record: C_FEATURE:1c_function_prototypes
    Feature record: C_FEATURE:1c_restrict
    Feature record: C_FEATURE:0c_static_assert
    Feature record: C_FEATURE:1c_variadic_macros


Detecting C [-std=c90] compiler features compiled with the following output:
Change Dir: /home/its2019/its2019g25/CMakeFiles/CMakeTmp

Run Build Command:"/usr/bin/make" "cmTC_df614/fast"
/usr/bin/make -f CMakeFiles/cmTC_df614.dir/build.make CMakeFiles/cmTC_df614.dir/build
make[1]: Entering directory '/home/its2019/its2019g25/CMakeFiles/CMakeTmp'
Building C object CMakeFiles/cmTC_df614.dir/feature_tests.c.o
/usr/bin/cc    -std=c90 -o CMakeFiles/cmTC_df614.dir/feature_tests.c.o   -c /home/its2019/its2019g25/CMakeFiles/feature_tests.c
Linking C executable cmTC_df614
/usr/bin/cmake -E cmake_link_script CMakeFiles/cmTC_df614.dir/link.txt --verbose=1
/usr/bin/cc       CMakeFiles/cmTC_df614.dir/feature_tests.c.o  -o cmTC_df614 
make[1]: Leaving directory '/home/its2019/its2019g25/CMakeFiles/CMakeTmp'


    Feature record: C_FEATURE:1c_function_prototypes
    Feature record: C_FEATURE:0c_restrict
    Feature record: C_FEATURE:0c_static_assert
    Feature record: C_FEATURE:0c_variadic_macros
Determining if the CXX compiler works passed with the following output:
Change Dir: /home/its2019/its2019g25/CMakeFiles/CMakeTmp

Run Build Command:"/usr/bin/make" "cmTC_6c370/fast"
/usr/bin/make -f CMakeFiles/cmTC_6c370.dir/build.make CMakeFiles/cmTC_6c370.dir/build
make[1]: Entering directory '/home/its2019/its2019g25/CMakeFiles/CMakeTmp'
Building CXX object CMakeFiles/cmTC_6c370.dir/testCXXCompiler.cxx.o
/usr/bin/c++      -o CMakeFiles/cmTC_6c370.dir/testCXXCompiler.cxx.o -c /home/its2019/its2019g25/CMakeFiles/CMakeTmp/testCXXCompiler.cxx
Linking CXX executable cmTC_6c370
/usr/bin/cmake -E cmake_link_script CMakeFiles/cmTC_6c370.dir/link.txt --verbose=1
/usr/bin/c++        CMakeFiles/cmTC_6c370.dir/testCXXCompiler.cxx.o  -o cmTC_6c370 
make[1]: Leaving directory '/home/its2019/its2019g25/CMakeFiles/CMakeTmp'


Detecting CXX compiler ABI info compiled with the following output:
Change Dir: /home/its2019/its2019g25/CMakeFiles/CMakeTmp

Run Build Command:"/usr/bin/make" "cmTC_afa17/fast"
/usr/bin/make -f CMakeFiles/cmTC_afa17.dir/build.make CMakeFiles/cmTC_afa17.dir/build
make[1]: Entering directory '/home/its2019/its2019g25/CMakeFiles/CMakeTmp'
Building CXX object CMakeFiles/cmTC_afa17.dir/CMakeCXXCompilerABI.cpp.o
/usr/bin/c++      -o CMakeFiles/cmTC_afa17.dir/CMakeCXXCompilerABI.cpp.o -c /usr/share/cmake-3.7/Modules/CMakeCXXCompilerABI.cpp
Linking CXX executable cmTC_afa17
/usr/bin/cmake -E cmake_link_script CMakeFiles/cmTC_afa17.dir/link.txt --verbose=1
/usr/bin/c++       -v CMakeFiles/cmTC_afa17.dir/CMakeCXXCompilerABI.cpp.o  -o cmTC_afa17  
Using built-in specs.
COLLECT_GCC=/usr/bin/c++
COLLECT_LTO_WRAPPER=/usr/lib/gcc/x86_64-linux-gnu/6/lto-wrapper
Target: x86_64-linux-gnu
Configured with: ../src/configure -v --with-pkgversion='Debian 6.3.0-18+deb9u1' --with-bugurl=file:///usr/share/doc/gcc-6/README.Bugs --enable-languages=c,ada,c++,java,go,d,fortran,objc,obj-c++ --prefix=/usr --program-suffix=-6 --program-prefix=x86_64-linux-gnu- --enable-shared --enable-linker-build-id --libexecdir=/usr/lib --without-included-gettext --enable-threads=posix --libdir=/usr/lib --enable-nls --with-sysroot=/ --enable-clocale=gnu --enable-libstdcxx-debug --enable-libstdcxx-time=yes --with-default-libstdcxx-abi=new --enable-gnu-unique-object --disable-vtable-verify --enable-libmpx --enable-plugin --enable-default-pie --with-system-zlib --disable-browser-plugin --enable-java-awt=gtk --enable-gtk-cairo --with-java-home=/usr/lib/jvm/java-1.5.0-gcj-6-amd64/jre --enable-java-home --with-jvm-root-dir=/usr/lib/jvm/java-1.5.0-gcj-6-amd64 --with-jvm-jar-dir=/usr/lib/jvm-exports/java-1.5.0-gcj-6-amd64 --with-arch-directory=amd64 --with-ecj-jar=/usr/share/java/eclipse-ecj.jar --with-target-system-zlib --enable-objc-gc=auto --enable-multiarch --with-arch-32=i686 --with-abi=m64 --with-multilib-list=m32,m64,mx32 --enable-multilib --with-tune=generic --enable-checking=release --build=x86_64-linux-gnu --host=x86_64-linux-gnu --target=x86_64-linux-gnu
Thread model: posix
gcc version 6.3.0 20170516 (Debian 6.3.0-18+deb9u1) 
COMPILER_PATH=/usr/lib/gcc/x86_64-linux-gnu/6/:/usr/lib/gcc/x86_64-linux-gnu/6/:/usr/lib/gcc/x86_64-linux-gnu/:/usr/lib/gcc/x86_64-linux-gnu/6/:/usr/lib/gcc/x86_64-linux-gnu/
LIBRARY_PATH=/usr/lib/gcc/x86_64-linux-gnu/6/:/usr/lib/gcc/x86_64-linux-gnu/6/../../../x86_64-linux-gnu/:/usr/lib/gcc/x86_64-linux-gnu/6/../../../../lib/:/lib/x86_64-linux-gnu/:/lib/../lib/:/usr/lib/x86_64-linux-gnu/:/usr/lib/../lib/:/usr/lib/gcc/x86_64-linux-gnu/6/../../../:/lib/:/usr/lib/
COLLECT_GCC_OPTIONS='-v' '-o' 'cmTC_afa17' '-shared-libgcc' '-mtune=generic' '-march=x86-64'
 /usr/lib/gcc/x86_64-linux-gnu/6/collect2 -plugin /usr/lib/gcc/x86_64-linux-gnu/6/liblto_plugin.so -plugin-opt=/usr/lib/gcc/x86_64-linux-gnu/6/lto-wrapper -plugin-opt=-fresolution=/tmp/ccIKmGxV.res -plugin-opt=-pass-through=-lgcc_s -plugin-opt=-pass-through=-lgcc -plugin-opt=-pass-through=-lc -plugin-opt=-pass-through=-lgcc_s -plugin-opt=-pass-through=-lgcc --sysroot=/ --build-id --eh-frame-hdr -m elf_x86_64 --hash-style=gnu -dynamic-linker /lib64/ld-linux-x86-64.so.2 -pie -o cmTC_afa17 /usr/lib/gcc/x86_64-linux-gnu/6/../../../x86_64-linux-gnu/Scrt1.o /usr/lib/gcc/x86_64-linux-gnu/6/../../../x86_64-linux-gnu/crti.o /usr/lib/gcc/x86_64-linux-gnu/6/crtbeginS.o -L/usr/lib/gcc/x86_64-linux-gnu/6 -L/usr/lib/gcc/x86_64-linux-gnu/6/../../../x86_64-linux-gnu -L/usr/lib/gcc/x86_64-linux-gnu/6/../../../../lib -L/lib/x86_64-linux-gnu -L/lib/../lib -L/usr/lib/x86_64-linux-gnu -L/usr/lib/../lib -L/usr/lib/gcc/x86_64-linux-gnu/6/../../.. CMakeFiles/cmTC_afa17.dir/CMakeCXXCompilerABI.cpp.o -lstdc++ -lm -lgcc_s -lgcc -lc -lgcc_s -lgcc /usr/lib/gcc/x86_64-linux-gnu/6/crtendS.o /usr/lib/gcc/x86_64-linux-gnu/6/../../../x86_64-linux-gnu/crtn.o
COLLECT_GCC_OPTIONS='-v' '-o' 'cmTC_afa17' '-shared-libgcc' '-mtune=generic' '-march=x86-64'
make[1]: Leaving directory '/home/its2019/its2019g25/CMakeFiles/CMakeTmp'


Parsed CXX implicit link information from above output:
  link line regex: [^( *|.*[/\])(ld|([^/\]+-)?ld|collect2)[^/\]*( |$)]
  ignore line: [Change Dir: /home/its2019/its2019g25/CMakeFiles/CMakeTmp]
  ignore line: []
  ignore line: [Run Build Command:"/usr/bin/make" "cmTC_afa17/fast"]
  ignore line: [/usr/bin/make -f CMakeFiles/cmTC_afa17.dir/build.make CMakeFiles/cmTC_afa17.dir/build]
  ignore line: [make[1]: Entering directory '/home/its2019/its2019g25/CMakeFiles/CMakeTmp']
  ignore line: [Building CXX object CMakeFiles/cmTC_afa17.dir/CMakeCXXCompilerABI.cpp.o]
  ignore line: [/usr/bin/c++      -o CMakeFiles/cmTC_afa17.dir/CMakeCXXCompilerABI.cpp.o -c /usr/share/cmake-3.7/Modules/CMakeCXXCompilerABI.cpp]
  ignore line: [Linking CXX executable cmTC_afa17]
  ignore line: [/usr/bin/cmake -E cmake_link_script CMakeFiles/cmTC_afa17.dir/link.txt --verbose=1]
  ignore line: [/usr/bin/c++       -v CMakeFiles/cmTC_afa17.dir/CMakeCXXCompilerABI.cpp.o  -o cmTC_afa17  ]
  ignore line: [Using built-in specs.]
  ignore line: [COLLECT_GCC=/usr/bin/c++]
  ignore line: [COLLECT_LTO_WRAPPER=/usr/lib/gcc/x86_64-linux-gnu/6/lto-wrapper]
  ignore line: [Target: x86_64-linux-gnu]
  ignore line: [Configured with: ../src/configure -v --with-pkgversion='Debian 6.3.0-18+deb9u1' --with-bugurl=file:///usr/share/doc/gcc-6/README.Bugs --enable-languages=c,ada,c++,java,go,d,fortran,objc,obj-c++ --prefix=/usr --program-suffix=-6 --program-prefix=x86_64-linux-gnu- --enable-shared --enable-linker-build-id --libexecdir=/usr/lib --without-included-gettext --enable-threads=posix --libdir=/usr/lib --enable-nls --with-sysroot=/ --enable-clocale=gnu --enable-libstdcxx-debug --enable-libstdcxx-time=yes --with-default-libstdcxx-abi=new --enable-gnu-unique-object --disable-vtable-verify --enable-libmpx --enable-plugin --enable-default-pie --with-system-zlib --disable-browser-plugin --enable-java-awt=gtk --enable-gtk-cairo --with-java-home=/usr/lib/jvm/java-1.5.0-gcj-6-amd64/jre --enable-java-home --with-jvm-root-dir=/usr/lib/jvm/java-1.5.0-gcj-6-amd64 --with-jvm-jar-dir=/usr/lib/jvm-exports/java-1.5.0-gcj-6-amd64 --with-arch-directory=amd64 --with-ecj-jar=/usr/share/java/eclipse-ecj.jar --with-target-system-zlib --enable-objc-gc=auto --enable-multiarch --with-arch-32=i686 --with-abi=m64 --with-multilib-list=m32,m64,mx32 --enable-multilib --with-tune=generic --enable-checking=release --build=x86_64-linux-gnu --host=x86_64-linux-gnu --target=x86_64-linux-gnu]
  ignore line: [Thread model: posix]
  ignore line: [gcc version 6.3.0 20170516 (Debian 6.3.0-18+deb9u1) ]
  ignore line: [COMPILER_PATH=/usr/lib/gcc/x86_64-linux-gnu/6/:/usr/lib/gcc/x86_64-linux-gnu/6/:/usr/lib/gcc/x86_64-linux-gnu/:/usr/lib/gcc/x86_64-linux-gnu/6/:/usr/lib/gcc/x86_64-linux-gnu/]
  ignore line: [LIBRARY_PATH=/usr/lib/gcc/x86_64-linux-gnu/6/:/usr/lib/gcc/x86_64-linux-gnu/6/../../../x86_64-linux-gnu/:/usr/lib/gcc/x86_64-linux-gnu/6/../../../../lib/:/lib/x86_64-linux-gnu/:/lib/../lib/:/usr/lib/x86_64-linux-gnu/:/usr/lib/../lib/:/usr/lib/gcc/x86_64-linux-gnu/6/../../../:/lib/:/usr/lib/]
  ignore line: [COLLECT_GCC_OPTIONS='-v' '-o' 'cmTC_afa17' '-shared-libgcc' '-mtune=generic' '-march=x86-64']
  link line: [ /usr/lib/gcc/x86_64-linux-gnu/6/collect2 -plugin /usr/lib/gcc/x86_64-linux-gnu/6/liblto_plugin.so -plugin-opt=/usr/lib/gcc/x86_64-linux-gnu/6/lto-wrapper -plugin-opt=-fresolution=/tmp/ccIKmGxV.res -plugin-opt=-pass-through=-lgcc_s -plugin-opt=-pass-through=-lgcc -plugin-opt=-pass-through=-lc -plugin-opt=-pass-through=-lgcc_s -plugin-opt=-pass-through=-lgcc --sysroot=/ --build-id --eh-frame-hdr -m elf_x86_64 --hash-style=gnu -dynamic-linker /lib64/ld-linux-x86-64.so.2 -pie -o cmTC_afa17 /usr/lib/gcc/x86_64-linux-gnu/6/../../../x86_64-linux-gnu/Scrt1.o /usr/lib/gcc/x86_64-linux-gnu/6/../../../x86_64-linux-gnu/crti.o /usr/lib/gcc/x86_64-linux-gnu/6/crtbeginS.o -L/usr/lib/gcc/x86_64-linux-gnu/6 -L/usr/lib/gcc/x86_64-linux-gnu/6/../../../x86_64-linux-gnu -L/usr/lib/gcc/x86_64-linux-gnu/6/../../../../lib -L/lib/x86_64-linux-gnu -L/lib/../lib -L/usr/lib/x86_64-linux-gnu -L/usr/lib/../lib -L/usr/lib/gcc/x86_64-linux-gnu/6/../../.. CMakeFiles/cmTC_afa17.dir/CMakeCXXCompilerABI.cpp.o -lstdc++ -lm -lgcc_s -lgcc -lc -lgcc_s -lgcc /usr/lib/gcc/x86_64-linux-gnu/6/crtendS.o /usr/lib/gcc/x86_64-linux-gnu/6/../../../x86_64-linux-gnu/crtn.o]
    arg [/usr/lib/gcc/x86_64-linux-gnu/6/collect2] ==> ignore
    arg [-plugin] ==> ignore
    arg [/usr/lib/gcc/x86_64-linux-gnu/6/liblto_plugin.so] ==> ignore
    arg [-plugin-opt=/usr/lib/gcc/x86_64-linux-gnu/6/lto-wrapper] ==> ignore
    arg [-plugin-opt=-fresolution=/tmp/ccIKmGxV.res] ==> ignore
    arg [-plugin-opt=-pass-through=-lgcc_s] ==> ignore
    arg [-plugin-opt=-pass-through=-lgcc] ==> ignore
    arg [-plugin-opt=-pass-through=-lc] ==> ignore
    arg [-plugin-opt=-pass-through=-lgcc_s] ==> ignore
    arg [-plugin-opt=-pass-through=-lgcc] ==> ignore
    arg [--sysroot=/] ==> ignore
    arg [--build-id] ==> ignore
    arg [--eh-frame-hdr] ==> ignore
    arg [-m] ==> ignore
    arg [elf_x86_64] ==> ignore
    arg [--hash-style=gnu] ==> ignore
    arg [-dynamic-linker] ==> ignore
    arg [/lib64/ld-linux-x86-64.so.2] ==> ignore
    arg [-pie] ==> ignore
    arg [-o] ==> ignore
    arg [cmTC_afa17] ==> ignore
    arg [/usr/lib/gcc/x86_64-linux-gnu/6/../../../x86_64-linux-gnu/Scrt1.o] ==> ignore
    arg [/usr/lib/gcc/x86_64-linux-gnu/6/../../../x86_64-linux-gnu/crti.o] ==> ignore
    arg [/usr/lib/gcc/x86_64-linux-gnu/6/crtbeginS.o] ==> ignore
    arg [-L/usr/lib/gcc/x86_64-linux-gnu/6] ==> dir [/usr/lib/gcc/x86_64-linux-gnu/6]
    arg [-L/usr/lib/gcc/x86_64-linux-gnu/6/../../../x86_64-linux-gnu] ==> dir [/usr/lib/gcc/x86_64-linux-gnu/6/../../../x86_64-linux-gnu]
    arg [-L/usr/lib/gcc/x86_64-linux-gnu/6/../../../../lib] ==> dir [/usr/lib/gcc/x86_64-linux-gnu/6/../../../../lib]
    arg [-L/lib/x86_64-linux-gnu] ==> dir [/lib/x86_64-linux-gnu]
    arg [-L/lib/../lib] ==> dir [/lib/../lib]
    arg [-L/usr/lib/x86_64-linux-gnu] ==> dir [/usr/lib/x86_64-linux-gnu]
    arg [-L/usr/lib/../lib] ==> dir [/usr/lib/../lib]
    arg [-L/usr/lib/gcc/x86_64-linux-gnu/6/../../..] ==> dir [/usr/lib/gcc/x86_64-linux-gnu/6/../../..]
    arg [CMakeFiles/cmTC_afa17.dir/CMakeCXXCompilerABI.cpp.o] ==> ignore
    arg [-lstdc++] ==> lib [stdc++]
    arg [-lm] ==> lib [m]
    arg [-lgcc_s] ==> lib [gcc_s]
    arg [-lgcc] ==> lib [gcc]
    arg [-lc] ==> lib [c]
    arg [-lgcc_s] ==> lib [gcc_s]
    arg [-lgcc] ==> lib [gcc]
    arg [/usr/lib/gcc/x86_64-linux-gnu/6/crtendS.o] ==> ignore
    arg [/usr/lib/gcc/x86_64-linux-gnu/6/../../../x86_64-linux-gnu/crtn.o] ==> ignore
  remove lib [gcc_s]
  remove lib [gcc]
  remove lib [gcc_s]
  remove lib [gcc]
  collapse library dir [/usr/lib/gcc/x86_64-linux-gnu/6] ==> [/usr/lib/gcc/x86_64-linux-gnu/6]
  collapse library dir [/usr/lib/gcc/x86_64-linux-gnu/6/../../../x86_64-linux-gnu] ==> [/usr/lib/x86_64-linux-gnu]
  collapse library dir [/usr/lib/gcc/x86_64-linux-gnu/6/../../../../lib] ==> [/usr/lib]
  collapse library dir [/lib/x86_64-linux-gnu] ==> [/lib/x86_64-linux-gnu]
  collapse library dir [/lib/../lib] ==> [/lib]
  collapse library dir [/usr/lib/x86_64-linux-gnu] ==> [/usr/lib/x86_64-linux-gnu]
  collapse library dir [/usr/lib/../lib] ==> [/usr/lib]
  collapse library dir [/usr/lib/gcc/x86_64-linux-gnu/6/../../..] ==> [/usr/lib]
  implicit libs: [stdc++;m;c]
  implicit dirs: [/usr/lib/gcc/x86_64-linux-gnu/6;/usr/lib/x86_64-linux-gnu;/usr/lib;/lib/x86_64-linux-gnu;/lib]
  implicit fwks: []




Detecting CXX [-std=c++14] compiler features compiled with the following output:
Change Dir: /home/its2019/its2019g25/CMakeFiles/CMakeTmp

Run Build Command:"/usr/bin/make" "cmTC_0a6de/fast"
/usr/bin/make -f CMakeFiles/cmTC_0a6de.dir/build.make CMakeFiles/cmTC_0a6de.dir/build
make[1]: Entering directory '/home/its2019/its2019g25/CMakeFiles/CMakeTmp'
Building CXX object CMakeFiles/cmTC_0a6de.dir/feature_tests.cxx.o
/usr/bin/c++     -std=c++14 -o CMakeFiles/cmTC_0a6de.dir/feature_tests.cxx.o -c /home/its2019/its2019g25/CMakeFiles/feature_tests.cxx
Linking CXX executable cmTC_0a6de
/usr/bin/cmake -E cmake_link_script CMakeFiles/cmTC_0a6de.dir/link.txt --verbose=1
/usr/bin/c++        CMakeFiles/cmTC_0a6de.dir/feature_tests.cxx.o  -o cmTC_0a6de 
make[1]: Leaving directory '/home/its2019/its2019g25/CMakeFiles/CMakeTmp'


    Feature record: CXX_FEATURE:1cxx_aggregate_default_initializers
    Feature record: CXX_FEATURE:1cxx_alias_templates
    Feature record: CXX_FEATURE:1cxx_alignas
    Feature record: CXX_FEATURE:1cxx_alignof
    Feature record: CXX_FEATURE:1cxx_attributes
    Feature record: CXX_FEATURE:1cxx_attribute_deprecated
    Feature record: CXX_FEATURE:1cxx_auto_type
    Feature record: CXX_FEATURE:1cxx_binary_literals
    Feature record: CXX_FEATURE:1cxx_constexpr
    Feature record: CXX_FEATURE:1cxx_contextual_conversions
    Feature record: CXX_FEATURE:1cxx_decltype
    Feature record: CXX_FEATURE:1cxx_decltype_auto
    Feature record: CXX_FEATURE:1cxx_decltype_incomplete_return_types
    Feature record: CXX_FEATURE:1cxx_default_function_template_args
    Feature record: CXX_FEATURE:1cxx_defaulted_functions
    Feature record: CXX_FEATURE:1cxx_defaulted_move_initializers
    Feature record: CXX_FEATURE:1cxx_delegating_constructors
    Feature record: CXX_FEATURE:1cxx_deleted_functions
    Feature record: CXX_FEATURE:1cxx_digit_separators
    Feature record: CXX_FEATURE:1cxx_enum_forward_declarations
    Feature record: CXX_FEATURE:1cxx_explicit_conversions
    Feature record: CXX_FEATURE:1cxx_extended_friend_declarations
    Feature record: CXX_FEATURE:1cxx_extern_templates
    Feature record: CXX_FEATURE:1cxx_final
    Feature record: CXX_FEATURE:1cxx_func_identifier
    Feature record: CXX_FEATURE:1cxx_generalized_initializers
    Feature record: CXX_FEATURE:1cxx_generic_lambdas
    Feature record: CXX_FEATURE:1cxx_inheriting_constructors
    Feature record: CXX_FEATURE:1cxx_inline_namespaces
    Feature record: CXX_FEATURE:1cxx_lambdas
    Feature record: CXX_FEATURE:1cxx_lambda_init_captures
    Feature record: CXX_FEATURE:1cxx_local_type_template_args
    Feature record: CXX_FEATURE:1cxx_long_long_type
    Feature record: CXX_FEATURE:1cxx_noexcept
    Feature record: CXX_FEATURE:1cxx_nonstatic_member_init
    Feature record: CXX_FEATURE:1cxx_nullptr
    Feature record: CXX_FEATURE:1cxx_override
    Feature record: CXX_FEATURE:1cxx_range_for
    Feature record: CXX_FEATURE:1cxx_raw_string_literals
    Feature record: CXX_FEATURE:1cxx_reference_qualified_functions
    Feature record: CXX_FEATURE:1cxx_relaxed_constexpr
    Feature record: CXX_FEATURE:1cxx_return_type_deduction
    Feature record: CXX_FEATURE:1cxx_right_angle_brackets
    Feature record: CXX_FEATURE:1cxx_rvalue_references
    Feature record: CXX_FEATURE:1cxx_sizeof_member
    Feature record: CXX_FEATURE:1cxx_static_assert
    Feature record: CXX_FEATURE:1cxx_strong_enums
    Feature record: CXX_FEATURE:1cxx_template_template_parameters
    Feature record: CXX_FEATURE:1cxx_thread_local
    Feature record: CXX_FEATURE:1cxx_trailing_return_types
    Feature record: CXX_FEATURE:1cxx_unicode_literals
    Feature record: CXX_FEATURE:1cxx_uniform_initialization
    Feature record: CXX_FEATURE:1cxx_unrestricted_unions
    Feature record: CXX_FEATURE:1cxx_user_literals
    Feature record: CXX_FEATURE:1cxx_variable_templates
    Feature record: CXX_FEATURE:1cxx_variadic_macros
    Feature record: CXX_FEATURE:1cxx_variadic_templates


Detecting CXX [-std=c++11] compiler features compiled with the following output:
Change Dir: /home/its2019/its2019g25/CMakeFiles/CMakeTmp

Run Build Command:"/usr/bin/make" "cmTC_5d35f/fast"
/usr/bin/make -f CMakeFiles/cmTC_5d35f.dir/build.make CMakeFiles/cmTC_5d35f.dir/build
make[1]: Entering directory '/home/its2019/its2019g25/CMakeFiles/CMakeTmp'
Building CXX object CMakeFiles/cmTC_5d35f.dir/feature_tests.cxx.o
/usr/bin/c++     -std=c++11 -o CMakeFiles/cmTC_5d35f.dir/feature_tests.cxx.o -c /home/its2019/its2019g25/CMakeFiles/feature_tests.cxx
Linking CXX executable cmTC_5d35f
/usr/bin/cmake -E cmake_link_script CMakeFiles/cmTC_5d35f.dir/link.txt --verbose=1
/usr/bin/c++        CMakeFiles/cmTC_5d35f.dir/feature_tests.cxx.o  -o cmTC_5d35f 
make[1]: Leaving directory '/home/its2019/its2019g25/CMakeFiles/CMakeTmp'


    Feature record: CXX_FEATURE:0cxx_aggregate_default_initializers
    Feature record: CXX_FEATURE:1cxx_alias_templates
    Feature record: CXX_FEATURE:1cxx_alignas
    Feature record: CXX_FEATURE:1cxx_alignof
    Feature record: CXX_FEATURE:1cxx_attributes
    Feature record: CXX_FEATURE:0cxx_attribute_deprecated
    Feature record: CXX_FEATURE:1cxx_auto_type
    Feature record: CXX_FEATURE:0cxx_binary_literals
    Feature record: CXX_FEATURE:1cxx_constexpr
    Feature record: CXX_FEATURE:0cxx_contextual_conversions
    Feature record: CXX_FEATURE:1cxx_decltype
    Feature record: CXX_FEATURE:0cxx_decltype_auto
    Feature record: CXX_FEATURE:1cxx_decltype_incomplete_return_types
    Feature record: CXX_FEATURE:1cxx_default_function_template_args
    Feature record: CXX_FEATURE:1cxx_defaulted_functions
    Feature record: CXX_FEATURE:1cxx_defaulted_move_initializers
    Feature record: CXX_FEATURE:1cxx_delegating_constructors
    Feature record: CXX_FEATURE:1cxx_deleted_functions
    Feature record: CXX_FEATURE:0cxx_digit_separators
    Feature record: CXX_FEATURE:1cxx_enum_forward_declarations
    Feature record: CXX_FEATURE:1cxx_explicit_conversions
    Feature record: CXX_FEATURE:1cxx_extended_friend_declarations
    Feature record: CXX_FEATURE:1cxx_extern_templates
    Feature record: CXX_FEATURE:1cxx_final
    Feature record: CXX_FEATURE:1cxx_func_identifier
    Feature record: CXX_FEATURE:1cxx_generalized_initializers
    Feature record: CXX_FEATURE:0cxx_generic_lambdas
    Feature record: CXX_FEATURE:1cxx_inheriting_constructors
    Feature record: CXX_FEATURE:1cxx_inline_namespaces
    Feature record: CXX_FEATURE:1cxx_lambdas
    Feature record: CXX_FEATURE:0cxx_lambda_init_captures
    Feature record: CXX_FEATURE:1cxx_local_type_template_args
    Feature record: CXX_FEATURE:1cxx_long_long_type
    Feature record: CXX_FEATURE:1cxx_noexcept
    Feature record: CXX_FEATURE:1cxx_nonstatic_member_init
    Feature record: CXX_FEATURE:1cxx_nullptr
    Feature record: CXX_FEATURE:1cxx_override
    Feature record: CXX_FEATURE:1cxx_range_for
    Feature record: CXX_FEATURE:1cxx_raw_string_literals
    Feature record: CXX_FEATURE:1cxx_reference_qualified_functions
    Feature record: CXX_FEATURE:0cxx_relaxed_constexpr
    Feature record: CXX_FEATURE:0cxx_return_type_deduction
    Feature record: CXX_FEATURE:1cxx_right_angle_brackets
    Feature record: CXX_FEATURE:1cxx_rvalue_references
    Feature record: CXX_FEATURE:1cxx_sizeof_member
    Feature record: CXX_FEATURE:1cxx_static_assert
    Feature record: CXX_FEATURE:1cxx_strong_enums
    Feature record: CXX_FEATURE:1cxx_template_template_parameters
    Feature record: CXX_FEATURE:1cxx_thread_local
    Feature record: CXX_FEATURE:1cxx_trailing_return_types
    Feature record: CXX_FEATURE:1cxx_unicode_literals
    Feature record: CXX_FEATURE:1cxx_uniform_initialization
    Feature record: CXX_FEATURE:1cxx_unrestricted_unions
    Feature record: CXX_FEATURE:1cxx_user_literals
    Feature record: CXX_FEATURE:0cxx_variable_templates
    Feature record: CXX_FEATURE:1cxx_variadic_macros
    Feature record: CXX_FEATURE:1cxx_variadic_templates


Detecting CXX [-std=c++98] compiler features compiled with the following output:
Change Dir: /home/its2019/its2019g25/CMakeFiles/CMakeTmp

Run Build Command:"/usr/bin/make" "cmTC_1d0c8/fast"
/usr/bin/make -f CMakeFiles/cmTC_1d0c8.dir/build.make CMakeFiles/cmTC_1d0c8.dir/build
make[1]: Entering directory '/home/its2019/its2019g25/CMakeFiles/CMakeTmp'
Building CXX object CMakeFiles/cmTC_1d0c8.dir/feature_tests.cxx.o
/usr/bin/c++     -std=c++98 -o CMakeFiles/cmTC_1d0c8.dir/feature_tests.cxx.o -c /home/its2019/its2019g25/CMakeFiles/feature_tests.cxx
Linking CXX executable cmTC_1d0c8
/usr/bin/cmake -E cmake_link_script CMakeFiles/cmTC_1d0c8.dir/link.txt --verbose=1
/usr/bin/c++        CMakeFiles/cmTC_1d0c8.dir/feature_tests.cxx.o  -o cmTC_1d0c8 
make[1]: Leaving directory '/home/its2019/its2019g25/CMakeFiles/CMakeTmp'


    Feature record: CXX_FEATURE:0cxx_aggregate_default_initializers
    Feature record: CXX_FEATURE:0cxx_alias_templates
    Feature record: CXX_FEATURE:0cxx_alignas
    Feature record: CXX_FEATURE:0cxx_alignof
    Feature record: CXX_FEATURE:0cxx_attributes
    Feature record: CXX_FEATURE:0cxx_attribute_deprecated
    Feature record: CXX_FEATURE:0cxx_auto_type
    Feature record: CXX_FEATURE:0cxx_binary_literals
    Feature record: CXX_FEATURE:0cxx_constexpr
    Feature record: CXX_FEATURE:0cxx_contextual_conversions
    Feature record: CXX_FEATURE:0cxx_decltype
    Feature record: CXX_FEATURE:0cxx_decltype_auto
    Feature record: CXX_FEATURE:0cxx_decltype_incomplete_return_types
    Feature record: CXX_FEATURE:0cxx_default_function_template_args
    Feature record: CXX_FEATURE:0cxx_defaulted_functions
    Feature record: CXX_FEATURE:0cxx_defaulted_move_initializers
    Feature record: CXX_FEATURE:0cxx_delegating_constructors
    Feature record: CXX_FEATURE:0cxx_deleted_functions
    Feature record: CXX_FEATURE:0cxx_digit_separators
    Feature record: CXX_FEATURE:0cxx_enum_forward_declarations
    Feature record: CXX_FEATURE:0cxx_explicit_conversions
    Feature record: CXX_FEATURE:0cxx_extended_friend_declarations
    Feature record: CXX_FEATURE:0cxx_extern_templates
    Feature record: CXX_FEATURE:0cxx_final
    Feature record: CXX_FEATURE:0cxx_func_identifier
    Feature record: CXX_FEATURE:0cxx_generalized_initializers
    Feature record: CXX_FEATURE:0cxx_generic_lambdas
    Feature record: CXX_FEATURE:0cxx_inheriting_constructors
    Feature record: CXX_FEATURE:0cxx_inline_namespaces
    Feature record: CXX_FEATURE:0cxx_lambdas
    Feature record: CXX_FEATURE:0cxx_lambda_init_captures
    Feature record: CXX_FEATURE:0cxx_local_type_template_args
    Feature record: CXX_FEATURE:0cxx_long_long_type
    Feature record: CXX_FEATURE:0cxx_noexcept
    Feature record: CXX_FEATURE:0cxx_nonstatic_member_init
    Feature record: CXX_FEATURE:0cxx_nullptr
    Feature record: CXX_FEATURE:0cxx_override
    Feature record: CXX_FEATURE:0cxx_range_for
    Feature record: CXX_FEATURE:0cxx_raw_string_literals
    Feature record: CXX_FEATURE:0cxx_reference_qualified_functions
    Feature record: CXX_FEATURE:0cxx_relaxed_constexpr
    Feature record: CXX_FEATURE:0cxx_return_type_deduction
    Feature record: CXX_FEATURE:0cxx_right_angle_brackets
    Feature record: CXX_FEATURE:0cxx_rvalue_references
    Feature record: CXX_FEATURE:0cxx_sizeof_member
    Feature record: CXX_FEATURE:0cxx_static_assert
    Feature record: CXX_FEATURE:0cxx_strong_enums
    Feature record: CXX_FEATURE:1cxx_template_template_parameters
    Feature record: CXX_FEATURE:0cxx_thread_local
    Feature record: CXX_FEATURE:0cxx_trailing_return_types
    Feature record: CXX_FEATURE:0cxx_unicode_literals
    Feature record: CXX_FEATURE:0cxx_uniform_initialization
    Feature record: CXX_FEATURE:0cxx_unrestricted_unions
    Feature record: CXX_FEATURE:0cxx_user_literals
    Feature record: CXX_FEATURE:0cxx_variable_templates
    Feature record: CXX_FEATURE:0cxx_variadic_macros
    Feature record: CXX_FEATURE:0cxx_variadic_templates
Performing C SOURCE FILE Test CC_SUPPORTS_Wall succeeded with the following output:
Change Dir: /home/its2019/its2019g25/CMakeFiles/CMakeTmp

Run Build Command:"/usr/bin/make" "cmTC_f3eed/fast"
/usr/bin/make -f CMakeFiles/cmTC_f3eed.dir/build.make CMakeFiles/cmTC_f3eed.dir/build
make[1]: Entering directory '/home/its2019/its2019g25/CMakeFiles/CMakeTmp'
Building C object CMakeFiles/cmTC_f3eed.dir/src.c.o
/usr/bin/cc    -DCC_SUPPORTS_Wall   -Wall -o CMakeFiles/cmTC_f3eed.dir/src.c.o   -c /home/its2019/its2019g25/CMakeFiles/CMakeTmp/src.c
Linking C executable cmTC_f3eed
/usr/bin/cmake -E cmake_link_script CMakeFiles/cmTC_f3eed.dir/link.txt --verbose=1
/usr/bin/cc   -DCC_SUPPORTS_Wall    CMakeFiles/cmTC_f3eed.dir/src.c.o  -o cmTC_f3eed 
make[1]: Leaving directory '/home/its2019/its2019g25/CMakeFiles/CMakeTmp'

Source file was:
int main(void) { return 0; }
Performing C++ SOURCE FILE Test CXX_SUPPORTS_Wall succeeded with the following output:
Change Dir: /home/its2019/its2019g25/CMakeFiles/CMakeTmp

Run Build Command:"/usr/bin/make" "cmTC_ef157/fast"
/usr/bin/make -f CMakeFiles/cmTC_ef157.dir/build.make CMakeFiles/cmTC_ef157.dir/build
make[1]: Entering directory '/home/its2019/its2019g25/CMakeFiles/CMakeTmp'
Building CXX object CMakeFiles/cmTC_ef157.dir/src.cxx.o
/usr/bin/c++     -DCXX_SUPPORTS_Wall   -Wall -o CMakeFiles/cmTC_ef157.dir/src.cxx.o -c /home/its2019/its2019g25/CMakeFiles/CMakeTmp/src.cxx
Linking CXX executable cmTC_ef157
/usr/bin/cmake -E cmake_link_script CMakeFiles/cmTC_ef157.dir/link.txt --verbose=1
/usr/bin/c++    -DCXX_SUPPORTS_Wall    CMakeFiles/cmTC_ef157.dir/src.cxx.o  -o cmTC_ef157 
make[1]: Leaving directory '/home/its2019/its2019g25/CMakeFiles/CMakeTmp'

Source file was:
int main() { return 0; }
Performing C SOURCE FILE Test CC_SUPPORTS_fdiagnostics-color=auto succeeded with the following output:
Change Dir: /home/its2019/its2019g25/CMakeFiles/CMakeTmp

Run Build Command:"/usr/bin/make" "cmTC_21c0b/fast"
/usr/bin/make -f CMakeFiles/cmTC_21c0b.dir/build.make CMakeFiles/cmTC_21c0b.dir/build
make[1]: Entering directory '/home/its2019/its2019g25/CMakeFiles/CMakeTmp'
Building C object CMakeFiles/cmTC_21c0b.dir/src.c.o
/usr/bin/cc    -Wall -DCC_SUPPORTS_fdiagnostics-color=auto   -fdiagnostics-color=auto -o CMakeFiles/cmTC_21c0b.dir/src.c.o   -c /home/its2019/its2019g25/CMakeFiles/CMakeTmp/src.c
<command-line>:0:25: warning: ISO C99 requires whitespace after the macro name
Linking C executable cmTC_21c0b
/usr/bin/cmake -E cmake_link_script CMakeFiles/cmTC_21c0b.dir/link.txt --verbose=1
/usr/bin/cc   -Wall -DCC_SUPPORTS_fdiagnostics-color=auto    CMakeFiles/cmTC_21c0b.dir/src.c.o  -o cmTC_21c0b 
make[1]: Leaving directory '/home/its2019/its2019g25/CMakeFiles/CMakeTmp'

Source file was:
int main(void) { return 0; }
Performing C++ SOURCE FILE Test CXX_SUPPORTS_fdiagnostics-color=auto succeeded with the following output:
Change Dir: /home/its2019/its2019g25/CMakeFiles/CMakeTmp

Run Build Command:"/usr/bin/make" "cmTC_7c8a7/fast"
/usr/bin/make -f CMakeFiles/cmTC_7c8a7.dir/build.make CMakeFiles/cmTC_7c8a7.dir/build
make[1]: Entering directory '/home/its2019/its2019g25/CMakeFiles/CMakeTmp'
Building CXX object CMakeFiles/cmTC_7c8a7.dir/src.cxx.o
/usr/bin/c++     -Wall -DCXX_SUPPORTS_fdiagnostics-color=auto   -fdiagnostics-color=auto -o CMakeFiles/cmTC_7c8a7.dir/src.cxx.o -c /home/its2019/its2019g25/CMakeFiles/CMakeTmp/src.cxx
<command-line>:0:26: warning: ISO C++11 requires whitespace after the macro name
Linking CXX executable cmTC_7c8a7
/usr/bin/cmake -E cmake_link_script CMakeFiles/cmTC_7c8a7.dir/link.txt --verbose=1
/usr/bin/c++    -Wall -DCXX_SUPPORTS_fdiagnostics-color=auto    CMakeFiles/cmTC_7c8a7.dir/src.cxx.o  -o cmTC_7c8a7 
make[1]: Leaving directory '/home/its2019/its2019g25/CMakeFiles/CMakeTmp'

Source file was:
int main() { return 0; }
Performing C SOURCE FILE Test CC_SUPPORTS_Wextra succeeded with the following output:
Change Dir: /home/its2019/its2019g25/CMakeFiles/CMakeTmp

Run Build Command:"/usr/bin/make" "cmTC_4598f/fast"
/usr/bin/make -f CMakeFiles/cmTC_4598f.dir/build.make CMakeFiles/cmTC_4598f.dir/build
make[1]: Entering directory '/home/its2019/its2019g25/CMakeFiles/CMakeTmp'
Building C object CMakeFiles/cmTC_4598f.dir/src.c.o
/usr/bin/cc    -Wall -fdiagnostics-color=auto -DCC_SUPPORTS_Wextra   -Wextra -o CMakeFiles/cmTC_4598f.dir/src.c.o   -c /home/its2019/its2019g25/CMakeFiles/CMakeTmp/src.c
Linking C executable cmTC_4598f
/usr/bin/cmake -E cmake_link_script CMakeFiles/cmTC_4598f.dir/link.txt --verbose=1
/usr/bin/cc   -Wall -fdiagnostics-color=auto -DCC_SUPPORTS_Wextra    CMakeFiles/cmTC_4598f.dir/src.c.o  -o cmTC_4598f 
make[1]: Leaving directory '/home/its2019/its2019g25/CMakeFiles/CMakeTmp'

Source file was:
int main(void) { return 0; }
Performing C++ SOURCE FILE Test CXX_SUPPORTS_Wextra succeeded with the following output:
Change Dir: /home/its2019/its2019g25/CMakeFiles/CMakeTmp

Run Build Command:"/usr/bin/make" "cmTC_339c7/fast"
/usr/bin/make -f CMakeFiles/cmTC_339c7.dir/build.make CMakeFiles/cmTC_339c7.dir/build
make[1]: Entering directory '/home/its2019/its2019g25/CMakeFiles/CMakeTmp'
Building CXX object CMakeFiles/cmTC_339c7.dir/src.cxx.o
/usr/bin/c++     -Wall -fdiagnostics-color=auto -DCXX_SUPPORTS_Wextra   -Wextra -o CMakeFiles/cmTC_339c7.dir/src.cxx.o -c /home/its2019/its2019g25/CMakeFiles/CMakeTmp/src.cxx
Linking CXX executable cmTC_339c7
/usr/bin/cmake -E cmake_link_script CMakeFiles/cmTC_339c7.dir/link.txt --verbose=1
/usr/bin/c++    -Wall -fdiagnostics-color=auto -DCXX_SUPPORTS_Wextra    CMakeFiles/cmTC_339c7.dir/src.cxx.o  -o cmTC_339c7 
make[1]: Leaving directory '/home/its2019/its2019g25/CMakeFiles/CMakeTmp'

Source file was:
int main() { return 0; }
Performing C SOURCE FILE Test CC_SUPPORTS_pedantic succeeded with the following output:
Change Dir: /home/its2019/its2019g25/CMakeFiles/CMakeTmp

Run Build Command:"/usr/bin/make" "cmTC_99082/fast"
/usr/bin/make -f CMakeFiles/cmTC_99082.dir/build.make CMakeFiles/cmTC_99082.dir/build
make[1]: Entering directory '/home/its2019/its2019g25/CMakeFiles/CMakeTmp'
Building C object CMakeFiles/cmTC_99082.dir/src.c.o
/usr/bin/cc    -Wall -fdiagnostics-color=auto -Wextra -DCC_SUPPORTS_pedantic   -pedantic -o CMakeFiles/cmTC_99082.dir/src.c.o   -c /home/its2019/its2019g25/CMakeFiles/CMakeTmp/src.c
Linking C executable cmTC_99082
/usr/bin/cmake -E cmake_link_script CMakeFiles/cmTC_99082.dir/link.txt --verbose=1
/usr/bin/cc   -Wall -fdiagnostics-color=auto -Wextra -DCC_SUPPORTS_pedantic    CMakeFiles/cmTC_99082.dir/src.c.o  -o cmTC_99082 
make[1]: Leaving directory '/home/its2019/its2019g25/CMakeFiles/CMakeTmp'

Source file was:
int main(void) { return 0; }
Performing C++ SOURCE FILE Test CXX_SUPPORTS_pedantic succeeded with the following output:
Change Dir: /home/its2019/its2019g25/CMakeFiles/CMakeTmp

Run Build Command:"/usr/bin/make" "cmTC_685ca/fast"
/usr/bin/make -f CMakeFiles/cmTC_685ca.dir/build.make CMakeFiles/cmTC_685ca.dir/build
make[1]: Entering directory '/home/its2019/its2019g25/CMakeFiles/CMakeTmp'
Building CXX object CMakeFiles/cmTC_685ca.dir/src.cxx.o
/usr/bin/c++     -Wall -fdiagnostics-color=auto -Wextra -DCXX_SUPPORTS_pedantic   -pedantic -o CMakeFiles/cmTC_685ca.dir/src.cxx.o -c /home/its2019/its2019g25/CMakeFiles/CMakeTmp/src.cxx
Linking CXX executable cmTC_685ca
/usr/bin/cmake -E cmake_link_script CMakeFiles/cmTC_685ca.dir/link.txt --verbose=1
/usr/bin/c++    -Wall -fdiagnostics-color=auto -Wextra -DCXX_SUPPORTS_pedantic    CMakeFiles/cmTC_685ca.dir/src.cxx.o  -o cmTC_685ca 
make[1]: Leaving directory '/home/its2019/its2019g25/CMakeFiles/CMakeTmp'

Source file was:
int main() { return 0; }
Performing C SOURCE FILE Test CC_SUPPORTS_Werror=vla succeeded with the following output:
Change Dir: /home/its2019/its2019g25/CMakeFiles/CMakeTmp

Run Build Command:"/usr/bin/make" "cmTC_ef9c0/fast"
/usr/bin/make -f CMakeFiles/cmTC_ef9c0.dir/build.make CMakeFiles/cmTC_ef9c0.dir/build
make[1]: Entering directory '/home/its2019/its2019g25/CMakeFiles/CMakeTmp'
Building C object CMakeFiles/cmTC_ef9c0.dir/src.c.o
/usr/bin/cc    -Wall -fdiagnostics-color=auto -Wextra -pedantic -DCC_SUPPORTS_Werror=vla   -Werror=vla -o CMakeFiles/cmTC_ef9c0.dir/src.c.o   -c /home/its2019/its2019g25/CMakeFiles/CMakeTmp/src.c
Linking C executable cmTC_ef9c0
/usr/bin/cmake -E cmake_link_script CMakeFiles/cmTC_ef9c0.dir/link.txt --verbose=1
/usr/bin/cc   -Wall -fdiagnostics-color=auto -Wextra -pedantic -DCC_SUPPORTS_Werror=vla    CMakeFiles/cmTC_ef9c0.dir/src.c.o  -o cmTC_ef9c0 
make[1]: Leaving directory '/home/its2019/its2019g25/CMakeFiles/CMakeTmp'

Source file was:
int main(void) { return 0; }
Performing C++ SOURCE FILE Test CXX_SUPPORTS_Werror=vla succeeded with the following output:
Change Dir: /home/its2019/its2019g25/CMakeFiles/CMakeTmp

Run Build Command:"/usr/bin/make" "cmTC_e705d/fast"
/usr/bin/make -f CMakeFiles/cmTC_e705d.dir/build.make CMakeFiles/cmTC_e705d.dir/build
make[1]: Entering directory '/home/its2019/its2019g25/CMakeFiles/CMakeTmp'
Building CXX object CMakeFiles/cmTC_e705d.dir/src.cxx.o
/usr/bin/c++     -Wall -fdiagnostics-color=auto -Wextra -pedantic -DCXX_SUPPORTS_Werror=vla   -Werror=vla -o CMakeFiles/cmTC_e705d.dir/src.cxx.o -c /home/its2019/its2019g25/CMakeFiles/CMakeTmp/src.cxx
Linking CXX executable cmTC_e705d
/usr/bin/cmake -E cmake_link_script CMakeFiles/cmTC_e705d.dir/link.txt --verbose=1
/usr/bin/c++    -Wall -fdiagnostics-color=auto -Wextra -pedantic -DCXX_SUPPORTS_Werror=vla    CMakeFiles/cmTC_e705d.dir/src.cxx.o  -o cmTC_e705d 
make[1]: Leaving directory '/home/its2019/its2019g25/CMakeFiles/CMakeTmp'

Source file was:
int main() { return 0; }
Performing C SOURCE FILE Test CC_SUPPORTS_Werror=implicit-function-declaration succeeded with the following output:
Change Dir: /home/its2019/its2019g25/CMakeFiles/CMakeTmp

Run Build Command:"/usr/bin/make" "cmTC_1cc6d/fast"
/usr/bin/make -f CMakeFiles/cmTC_1cc6d.dir/build.make CMakeFiles/cmTC_1cc6d.dir/build
make[1]: Entering directory '/home/its2019/its2019g25/CMakeFiles/CMakeTmp'
Building C object CMakeFiles/cmTC_1cc6d.dir/src.c.o
/usr/bin/cc    -Wall -fdiagnostics-color=auto -Wextra -pedantic -Werror=vla -DCC_SUPPORTS_Werror=implicit-function-declaration   -Werror=implicit-function-declaration -o CMakeFiles/cmTC_1cc6d.dir/src.c.o   -c /home/its2019/its2019g25/CMakeFiles/CMakeTmp/src.c
Linking C executable cmTC_1cc6d
/usr/bin/cmake -E cmake_link_script CMakeFiles/cmTC_1cc6d.dir/link.txt --verbose=1
/usr/bin/cc   -Wall -fdiagnostics-color=auto -Wextra -pedantic -Werror=vla -DCC_SUPPORTS_Werror=implicit-function-declaration    CMakeFiles/cmTC_1cc6d.dir/src.c.o  -o cmTC_1cc6d 
make[1]: Leaving directory '/home/its2019/its2019g25/CMakeFiles/CMakeTmp'

Source file was:
int main(void) { return 0; }
Performing C++ SOURCE FILE Test CXX_SUPPORTS_Werror=implicit-function-declaration succeeded with the following output:
Change Dir: /home/its2019/its2019g25/CMakeFiles/CMakeTmp

Run Build Command:"/usr/bin/make" "cmTC_bae39/fast"
/usr/bin/make -f CMakeFiles/cmTC_bae39.dir/build.make CMakeFiles/cmTC_bae39.dir/build
make[1]: Entering directory '/home/its2019/its2019g25/CMakeFiles/CMakeTmp'
Building CXX object CMakeFiles/cmTC_bae39.dir/src.cxx.o
/usr/bin/c++     -Wall -fdiagnostics-color=auto -Wextra -pedantic -Werror=vla -DCXX_SUPPORTS_Werror=implicit-function-declaration   -Werror=implicit-function-declaration -o CMakeFiles/cmTC_bae39.dir/src.cxx.o -c /home/its2019/its2019g25/CMakeFiles/CMakeTmp/src.cxx
Linking CXX executable cmTC_bae39
/usr/bin/cmake -E cmake_link_script CMakeFiles/cmTC_bae39.dir/link.txt --verbose=1
/usr/bin/c++    -Wall -fdiagnostics-color=auto -Wextra -pedantic -Werror=vla -DCXX_SUPPORTS_Werror=implicit-function-declaration    CMakeFiles/cmTC_bae39.dir/src.cxx.o  -o cmTC_bae39 
make[1]: Leaving directory '/home/its2019/its2019g25/CMakeFiles/CMakeTmp'

Source file was:
int main() { return 0; }
Determining if the include file pthread.h exists passed with the following output:
Change Dir: /home/its2019/its2019g25/CMakeFiles/CMakeTmp

Run Build Command:"/usr/bin/make" "cmTC_09880/fast"
/usr/bin/make -f CMakeFiles/cmTC_09880.dir/build.make CMakeFiles/cmTC_09880.dir/build
make[1]: Entering directory '/home/its2019/its2019g25/CMakeFiles/CMakeTmp'
Building C object CMakeFiles/cmTC_09880.dir/CheckIncludeFile.c.o
/usr/bin/cc    -Wall -fdiagnostics-color=auto -Wextra -pedantic -Werror=vla -Werror=implicit-function-declaration    -o CMakeFiles/cmTC_09880.dir/CheckIncludeFile.c.o   -c /home/its2019/its2019g25/CMakeFiles/CMakeTmp/CheckIncludeFile.c
Linking C executable cmTC_09880
/usr/bin/cmake -E cmake_link_script CMakeFiles/cmTC_09880.dir/link.txt --verbose=1
/usr/bin/cc   -Wall -fdiagnostics-color=auto -Wextra -pedantic -Werror=vla -Werror=implicit-function-declaration     CMakeFiles/cmTC_09880.dir/CheckIncludeFile.c.o  -o cmTC_09880 
make[1]: Leaving directory '/home/its2019/its2019g25/CMakeFiles/CMakeTmp'


Determining if the function pthread_create exists in the pthread passed with the following output:
Change Dir: /home/its2019/its2019g25/CMakeFiles/CMakeTmp

Run Build Command:"/usr/bin/make" "cmTC_883bb/fast"
/usr/bin/make -f CMakeFiles/cmTC_883bb.dir/build.make CMakeFiles/cmTC_883bb.dir/build
make[1]: Entering directory '/home/its2019/its2019g25/CMakeFiles/CMakeTmp'
Building C object CMakeFiles/cmTC_883bb.dir/CheckFunctionExists.c.o
/usr/bin/cc    -Wall -fdiagnostics-color=auto -Wextra -pedantic -Werror=vla -Werror=implicit-function-declaration -DCHECK_FUNCTION_EXISTS=pthread_create   -o CMakeFiles/cmTC_883bb.dir/CheckFunctionExists.c.o   -c /usr/share/cmake-3.7/Modules/CheckFunctionExists.c
Linking C executable cmTC_883bb
/usr/bin/cmake -E cmake_link_script CMakeFiles/cmTC_883bb.dir/link.txt --verbose=1
/usr/bin/cc   -Wall -fdiagnostics-color=auto -Wextra -pedantic -Werror=vla -Werror=implicit-function-declaration -DCHECK_FUNCTION_EXISTS=pthread_create    CMakeFiles/cmTC_883bb.dir/CheckFunctionExists.c.o  -o cmTC_883bb -lpthread 
make[1]: Leaving directory '/home/its2019/its2019g25/CMakeFiles/CMakeTmp'


Performing C++ SOURCE FILE Test CXX_SUPPORTS_MAES succeeded with the following output:
Change Dir: /home/its2019/its2019g25/CMakeFiles/CMakeTmp

Run Build Command:"/usr/bin/make" "cmTC_6022b/fast"
/usr/bin/make -f CMakeFiles/cmTC_6022b.dir/build.make CMakeFiles/cmTC_6022b.dir/build
make[1]: Entering directory '/home/its2019/its2019g25/CMakeFiles/CMakeTmp'
Building CXX object CMakeFiles/cmTC_6022b.dir/src.cxx.o
/usr/bin/c++     -Wall -fdiagnostics-color=auto -Wextra -pedantic -Werror=vla -Werror=implicit-function-declaration -pthread -DCXX_SUPPORTS_MAES   -maes -o CMakeFiles/cmTC_6022b.dir/src.cxx.o -c /home/its2019/its2019g25/CMakeFiles/CMakeTmp/src.cxx
Linking CXX executable cmTC_6022b
/usr/bin/cmake -E cmake_link_script CMakeFiles/cmTC_6022b.dir/link.txt --verbose=1
/usr/bin/c++    -Wall -fdiagnostics-color=auto -Wextra -pedantic -Werror=vla -Werror=implicit-function-declaration -pthread -DCXX_SUPPORTS_MAES    CMakeFiles/cmTC_6022b.dir/src.cxx.o  -o cmTC_6022b 
make[1]: Leaving directory '/home/its2019/its2019g25/CMakeFiles/CMakeTmp'

Source file was:
int main() { return 0; }
